[debug] [2021-11-17T20:13:23.184Z] ----------------------------------------------------------------------
[debug] [2021-11-17T20:13:23.187Z] Command:       /usr/local/bin/node /usr/local/bin/firebase init
[debug] [2021-11-17T20:13:23.187Z] CLI Version:   9.22.0
[debug] [2021-11-17T20:13:23.187Z] Platform:      darwin
[debug] [2021-11-17T20:13:23.187Z] Node Version:  v14.17.4
[debug] [2021-11-17T20:13:23.188Z] Time:          Thu Nov 18 2021 01:43:23 GMT+0530 (India Standard Time)
[debug] [2021-11-17T20:13:23.189Z] ----------------------------------------------------------------------
[debug] 
[debug] [2021-11-17T20:13:23.191Z] >>> [apiv2][query] GET https://firebase-public.firebaseio.com/cli.json [none]
[debug] [2021-11-17T20:13:23.219Z] > command requires scopes: ["email","openid","https://www.googleapis.com/auth/cloudplatformprojects.readonly","https://www.googleapis.com/auth/firebase","https://www.googleapis.com/auth/cloud-platform"]
[debug] [2021-11-17T20:13:23.220Z] > authorizing via signed-in user (manub.varkala@gmail.com)
[info] 
     ######## #### ########  ######## ########     ###     ######  ########
     ##        ##  ##     ## ##       ##     ##  ##   ##  ##       ##
     ######    ##  ########  ######   ########  #########  ######  ######
     ##        ##  ##    ##  ##       ##     ## ##     ##       ## ##
     ##       #### ##     ## ######## ########  ##     ##  ######  ########

You're about to initialize a Firebase project in this directory:

  /Users/manubaby/portfolio

[debug] [2021-11-17T20:13:24.086Z] <<< [apiv2][status] GET https://firebase-public.firebaseio.com/cli.json 200
[debug] [2021-11-17T20:13:24.086Z] <<< [apiv2][body] GET https://firebase-public.firebaseio.com/cli.json {"cloudBuildErrorAfter":1594252800000,"cloudBuildWarnAfter":1590019200000,"defaultNode10After":1594252800000,"minVersion":"3.0.5","node8DeploysDisabledAfter":1613390400000,"node8RuntimeDisabledAfter":1615809600000,"node8WarnAfter":1600128000000}
[info] 
=== Project Setup
[info] 
[info] First, let's associate this project directory with a Firebase project.
[info] You can create multiple project aliases by running firebase use --add, 
[info] but for now we'll just set up a default project.
[info] 
[debug] [2021-11-17T20:13:40.500Z] > refreshing access token with scopes: []
[debug] [2021-11-17T20:13:40.501Z] >>> HTTP REQUEST POST https://www.googleapis.com/oauth2/v3/token  
 <request body omitted>
[debug] [2021-11-17T20:13:40.676Z] <<< HTTP RESPONSE 200 {"pragma":"no-cache","date":"Wed, 17 Nov 2021 20:13:40 GMT","expires":"Mon, 01 Jan 1990 00:00:00 GMT","cache-control":"no-cache, no-store, max-age=0, must-revalidate","content-type":"application/json; charset=utf-8","vary":"X-Origin, Referer, Origin,Accept-Encoding","server":"scaffolding on HTTPServer2","x-xss-protection":"0","x-frame-options":"SAMEORIGIN","x-content-type-options":"nosniff","alt-svc":"h3=\":443\"; ma=2592000,h3-29=\":443\"; ma=2592000,h3-Q050=\":443\"; ma=2592000,h3-Q046=\":443\"; ma=2592000,h3-Q043=\":443\"; ma=2592000,quic=\":443\"; ma=2592000; v=\"46,43\"","accept-ranges":"none","transfer-encoding":"chunked"}
[debug] [2021-11-17T20:13:40.708Z] >>> [apiv2][query] GET https://firebase.googleapis.com/v1beta1/projects pageSize=100
[debug] [2021-11-17T20:13:41.437Z] <<< [apiv2][status] GET https://firebase.googleapis.com/v1beta1/projects 200
[debug] [2021-11-17T20:13:41.438Z] <<< [apiv2][body] GET https://firebase.googleapis.com/v1beta1/projects [omitted]
[info] i  Using project manu-babydas (ManuBabydas) 
[info] 
=== Hosting:github Setup
[info] 
[info] i  Detected a .git folder at /Users/manubaby/portfolio 
[info] i  Authorizing with GitHub to upload your service account to a GitHub repository's secrets store. 
[info] 
[info] Visit this URL on this device to log in:
[info] https://github.com/login/oauth/authorize?client_id=89cf50f02ac6aaed3484&state=246872405&redirect_uri=http%3A%2F%2Flocalhost%3A9005&scope=read%3Auser%20repo%20public_repo
[info] 
[info] Waiting for authentication...
[debug] [2021-11-17T20:13:50.596Z] >>> HTTP REQUEST POST https://github.com/login/oauth/access_token  
 {"client_id":"89cf50f02ac6aaed3484","client_secret":"3330d14abc895d9a74d5f17cd7a00711fa2c5bf0","code":"041b2fe4605fbf37024c","redirect_uri":"http://localhost:9005","state":"246872405"}
[debug] [2021-11-17T20:13:51.011Z] <<< HTTP RESPONSE 200 {"server":"GitHub.com","date":"Wed, 17 Nov 2021 20:13:51 GMT","content-type":"application/json; charset=utf-8","transfer-encoding":"chunked","vary":"X-PJAX, X-PJAX-Container, Accept-Encoding, Accept, X-Requested-With","permissions-policy":"interest-cohort=()","etag":"W/\"74cc9f05c6a467b23b69a5599bca01db\"","cache-control":"max-age=0, private, must-revalidate","strict-transport-security":"max-age=31536000; includeSubdomains; preload","x-frame-options":"deny","x-content-type-options":"nosniff","x-xss-protection":"0","referrer-policy":"origin-when-cross-origin, strict-origin-when-cross-origin","expect-ct":"max-age=2592000, report-uri=\"https://api.github.com/_private/browser/errors\"","content-security-policy":"default-src 'none'; base-uri 'self'; block-all-mixed-content; child-src github.com/assets-cdn/worker/ gist.github.com/assets-cdn/worker/; connect-src 'self' uploads.github.com objects-origin.githubusercontent.com www.githubstatus.com collector.githubapp.com api.github.com github-cloud.s3.amazonaws.com github-production-repository-file-5c1aeb.s3.amazonaws.com github-production-upload-manifest-file-7fdce7.s3.amazonaws.com github-production-user-asset-6210df.s3.amazonaws.com cdn.optimizely.com logx.optimizely.com/v1/events translator.github.com wss://alive.github.com; font-src github.githubassets.com; form-action 'self' github.com gist.github.com objects-origin.githubusercontent.com; frame-ancestors 'none'; frame-src render.githubusercontent.com viewscreen.githubusercontent.com notebooks.githubusercontent.com; img-src 'self' data: github.githubassets.com identicons.github.com collector.githubapp.com github-cloud.s3.amazonaws.com secured-user-images.githubusercontent.com/ *.githubusercontent.com; manifest-src 'self'; media-src github.com user-images.githubusercontent.com/; script-src github.githubassets.com; style-src 'unsafe-inline' github.githubassets.com; worker-src github.com/assets-cdn/worker/ gist.github.com/assets-cdn/worker/","x-github-request-id":"F2FA:47D4:909E03:C9E6BF:6195627E"}
[debug] [2021-11-17T20:13:51.018Z] >>> [apiv2][query] GET https://api.github.com/user [none]
[debug] [2021-11-17T20:13:51.457Z] <<< [apiv2][status] GET https://api.github.com/user 200
[debug] [2021-11-17T20:13:51.457Z] <<< [apiv2][body] GET https://api.github.com/user {"login":"ManuBabyThirdEye","id":30458562,"node_id":"MDQ6VXNlcjMwNDU4NTYy","avatar_url":"https://avatars.githubusercontent.com/u/30458562?v=4","gravatar_id":"","url":"https://api.github.com/users/ManuBabyThirdEye","html_url":"https://github.com/ManuBabyThirdEye","followers_url":"https://api.github.com/users/ManuBabyThirdEye/followers","following_url":"https://api.github.com/users/ManuBabyThirdEye/following{/other_user}","gists_url":"https://api.github.com/users/ManuBabyThirdEye/gists{/gist_id}","starred_url":"https://api.github.com/users/ManuBabyThirdEye/starred{/owner}{/repo}","subscriptions_url":"https://api.github.com/users/ManuBabyThirdEye/subscriptions","organizations_url":"https://api.github.com/users/ManuBabyThirdEye/orgs","repos_url":"https://api.github.com/users/ManuBabyThirdEye/repos","events_url":"https://api.github.com/users/ManuBabyThirdEye/events{/privacy}","received_events_url":"https://api.github.com/users/ManuBabyThirdEye/received_events","type":"User","site_admin":false,"name":null,"company":null,"blog":"","location":null,"email":null,"hireable":null,"bio":null,"twitter_username":null,"public_repos":5,"public_gists":0,"followers":0,"following":0,"created_at":"2017-07-26T05:54:11Z","updated_at":"2021-09-04T13:39:12Z","private_gists":0,"total_private_repos":5,"owned_private_repos":4,"disk_usage":10970,"collaborators":3,"two_factor_authentication":false,"plan":{"name":"free","space":976562499,"collaborators":0,"private_repos":10000}}
[info] 
[info] ✔  Success! Logged into GitHub as ManuBabyThirdEye 
[info] 
